<?xml version="1.0" encoding="UTF-8"?>
<!-- Generated by org.testng.reporters.JUnitReportReporter -->
<testsuite hostname="MSI" failures="0" tests="4" name="gears" time="4.002" errors="0" timestamp="20 May 2021 20:24:13 GMT" skipped="0">
  <testcase classname="gears" name="a" time="3.999"/>
  <testcase classname="gears" name="d" time="0.001"/>
  <testcase classname="gears" name="bh" time="0.001"/>
  <testcase classname="gears" name="c" time="0.001"/>
</testsuite> <!-- gears -->
