<?xml version="1.0" encoding="UTF-8"?>
<!-- Generated by org.testng.reporters.JUnitReportReporter -->
<testsuite hostname="MSI" failures="0" tests="1" name="newSuit.TimoutandWaitExample" time="13.162" errors="0" timestamp="23 May 2021 12:19:38 GMT" skipped="0">
  <testcase classname="newSuit.TimoutandWaitExample" name="test1" time="13.162"/>
</testsuite> <!-- newSuit.TimoutandWaitExample -->
