<?xml version="1.0" encoding="UTF-8"?>
<!-- Generated by org.testng.reporters.JUnitReportReporter -->
<testsuite hostname="MSI" failures="0" tests="2" name="newSuit.gears" time="0.008" errors="0" timestamp="21 May 2021 19:17:45 GMT" skipped="0">
  <testcase classname="newSuit.gears" name="bh" time="0.007"/>
  <testcase classname="newSuit.gears" name="c" time="0.001"/>
</testsuite> <!-- newSuit.gears -->
