<?xml version="1.0" encoding="UTF-8"?>
<!-- Generated by org.testng.reporters.JUnitReportReporter -->
<testsuite hostname="MSI" failures="0" tests="1" name="newSuit.ButtonExample" time="1.675" errors="0" timestamp="22 May 2021 19:01:05 GMT" skipped="0">
  <testcase classname="newSuit.ButtonExample" name="test1" time="1.675"/>
</testsuite> <!-- newSuit.ButtonExample -->
