<?xml version="1.0" encoding="UTF-8"?>
<!-- Generated by org.testng.reporters.JUnitReportReporter -->
<testsuite hostname="MSI" failures="0" tests="2" name="newSuit.NewTest" time="0.005" errors="0" timestamp="21 May 2021 22:46:29 GMT" skipped="0">
  <testcase classname="newSuit.NewTest" name="test1" time="0.004"/>
  <testcase classname="newSuit.NewTest" name="test2" time="0.001"/>
</testsuite> <!-- newSuit.NewTest -->
