<?xml version="1.0" encoding="UTF-8"?>
<!-- Generated by org.testng.reporters.JUnitReportReporter -->
<testsuite hostname="MSI" failures="0" tests="2" name="newSuit.Classtochecklisteners" time="0.009" errors="0" timestamp="22 May 2021 07:51:23 GMT" skipped="0">
  <testcase classname="newSuit.Classtochecklisteners" name="test1" time="0.008"/>
  <testcase classname="newSuit.Classtochecklisteners" name="test2" time="0.001"/>
</testsuite> <!-- newSuit.Classtochecklisteners -->
