<?xml version="1.0" encoding="UTF-8"?>
<!-- Generated by org.testng.reporters.JUnitReportReporter -->
<testsuite hostname="MSI" failures="0" tests="1" name="newSuit.DropdownExample" time="1.847" errors="0" timestamp="22 May 2021 21:00:03 GMT" skipped="0">
  <testcase classname="newSuit.DropdownExample" name="test1" time="1.847"/>
</testsuite> <!-- newSuit.DropdownExample -->
