<?xml version="1.0" encoding="UTF-8"?>
<!-- Generated by org.testng.reporters.JUnitReportReporter -->
<testsuite hostname="MSI" failures="0" tests="1" name="newSuit.AlertExample" time="8.841" errors="0" timestamp="22 May 2021 21:26:25 GMT" skipped="0">
  <testcase classname="newSuit.AlertExample" name="test1" time="8.841"/>
</testsuite> <!-- newSuit.AlertExample -->
