<?xml version="1.0" encoding="UTF-8"?>
<!-- Generated by org.testng.reporters.JUnitReportReporter -->
<testsuite hostname="MSI" failures="0" tests="1" name="newSuit.DynamicXpathexample" time="2.613" errors="0" timestamp="23 May 2021 13:38:19 GMT" skipped="0">
  <testcase classname="newSuit.DynamicXpathexample" name="test1" time="2.613"/>
</testsuite> <!-- newSuit.DynamicXpathexample -->
