<?xml version="1.0" encoding="UTF-8"?>
<!-- Generated by org.testng.reporters.JUnitReportReporter -->
<testsuite hostname="MSI" failures="0" tests="3" name="newSuit.parameters" time="0.015" errors="0" timestamp="21 May 2021 20:53:05 GMT" skipped="0">
  <testcase classname="newSuit.parameters" name="testcase2" time="0.013"/>
  <testcase classname="newSuit.parameters" name="testcase3" time="0.002"/>
  <testcase classname="newSuit.parameters" name="testcase4" time="0.000"/>
</testsuite> <!-- newSuit.parameters -->
