<?xml version="1.0" encoding="UTF-8"?>
<!-- Generated by org.testng.reporters.JUnitReportReporter -->
<testsuite hostname="MSI" failures="0" tests="3" name="bhuvaneshtest" time="0.009" errors="0" timestamp="2021-05-20T01:12:50 IST" skipped="0">
  <testcase classname="bhuvaneshtest" name="test1" time="0.005"/>
  <system-out/>
  <testcase classname="bhuvaneshtest" name="test2" time="0.001"/>
  <system-out/>
  <testcase classname="bhuvaneshtest" name="test3" time="0.003"/>
  <system-out/>
</testsuite> <!-- bhuvaneshtest -->
