<?xml version="1.0" encoding="UTF-8"?>
<!-- Generated by org.testng.reporters.JUnitReportReporter -->
<testsuite hostname="MSI" failures="0" tests="1" name="com.practice.SeleniumTest.LoginTC" time="15.524" errors="0" timestamp="2021-06-06T00:39:57 IST" skipped="0">
  <testcase classname="com.practice.SeleniumTest.LoginTC" name="TC_Login_validEmail_Valid_password" time="15.524"/>
  <system-out/>
</testsuite> <!-- com.practice.SeleniumTest.LoginTC -->
