<?xml version="1.0" encoding="UTF-8"?>
<!-- Generated by org.testng.reporters.JUnitReportReporter -->
<testsuite hostname="MSI" failures="0" tests="1" name="RestAssured.PutMethod" time="0.014" errors="0" timestamp="04 Aug 2021 20:48:22 GMT" skipped="0">
  <testcase classname="RestAssured.PutMethod" name="l1" time="0.014"/>
</testsuite> <!-- RestAssured.PutMethod -->
